2024-11-07 15:58:37,815 - WARNING - Suspicious I/O activity detected - PID: 4, Name: System
2024-11-07 15:58:37,822 - WARNING - Suspicious I/O activity detected - PID: 124, Name: Registry
2024-11-07 15:58:37,837 - INFO - Started monitoring: C:\Users\src\ransomware_study\data\critical
2024-11-07 15:58:37,884 - WARNING - Suspicious I/O activity detected - PID: 836, Name: services.exe
2024-11-07 15:58:37,897 - WARNING - Suspicious I/O activity detected - PID: 992, Name: svchost.exe
2024-11-07 15:58:37,898 - WARNING - Suspicious I/O activity detected - PID: 1028, Name: svchost.exe
2024-11-07 15:58:38,269 - WARNING - Suspicious I/O activity detected - PID: 1320, Name: chrome.exe
2024-11-07 15:58:38,496 - WARNING - Suspicious I/O activity detected - PID: 1452, Name: svchost.exe
2024-11-07 15:58:38,517 - WARNING - Suspicious I/O activity detected - PID: 1604, Name: svchost.exe
2024-11-07 15:58:38,517 - WARNING - Suspicious I/O activity detected - PID: 1688, Name: taskhostw.exe
2024-11-07 15:58:38,618 - WARNING - Suspicious I/O activity detected - PID: 1708, Name: msedgewebview2.exe
2024-11-07 15:58:38,701 - INFO - Backup created successfully: C:\Users\src\ransomware_study\data\backups\backup_20241107_155837
2024-11-07 15:58:38,711 - WARNING - Suspicious I/O activity detected - PID: 1716, Name: Microsoft.Management.Services.IntuneWindowsAgent.exe
2024-11-07 15:58:38,963 - WARNING - Suspicious I/O activity detected - PID: 2244, Name: chrome.exe
2024-11-07 15:58:39,209 - WARNING - Suspicious I/O activity detected - PID: 2388, Name: svchost.exe
2024-11-07 15:58:39,215 - WARNING - Suspicious I/O activity detected - PID: 2444, Name: chrome.exe
2024-11-07 15:58:39,934 - WARNING - High number of open files detected - PID: 2444, Name: chrome.exe
2024-11-07 15:58:40,070 - WARNING - Suspicious I/O activity detected - PID: 2832, Name: svchost.exe
2024-11-07 15:58:40,350 - WARNING - Suspicious I/O activity detected - PID: 4256, Name: svchost.exe
2024-11-07 15:58:40,484 - WARNING - Suspicious I/O activity detected - PID: 4316, Name: svchost.exe
2024-11-07 15:58:40,491 - WARNING - Suspicious I/O activity detected - PID: 4336, Name: svchost.exe
2024-11-07 15:58:40,515 - WARNING - Suspicious I/O activity detected - PID: 4376, Name: LMS.exe
2024-11-07 15:58:40,521 - WARNING - Suspicious I/O activity detected - PID: 4392, Name: svchost.exe
2024-11-07 15:58:40,533 - WARNING - Suspicious I/O activity detected - PID: 4428, Name: chrome.exe
2024-11-07 15:58:40,665 - WARNING - High number of open files detected - PID: 4428, Name: chrome.exe
2024-11-07 15:58:40,672 - WARNING - Suspicious I/O activity detected - PID: 4444, Name: MsMpEng.exe
2024-11-07 15:58:40,700 - WARNING - Suspicious I/O activity detected - PID: 4552, Name: svchost.exe
2024-11-07 15:58:40,706 - WARNING - Suspicious I/O activity detected - PID: 4636, Name: chrome.exe
2024-11-07 15:58:41,120 - WARNING - Suspicious I/O activity detected - PID: 5472, Name: SearchIndexer.exe
2024-11-07 15:58:41,126 - WARNING - Suspicious I/O activity detected - PID: 5608, Name: msedgewebview2.exe
2024-11-07 15:58:41,435 - WARNING - Suspicious I/O activity detected - PID: 6020, Name: dllhost.exe
2024-11-07 15:58:41,452 - WARNING - Suspicious I/O activity detected - PID: 6268, Name: chrome.exe
2024-11-07 15:58:41,754 - WARNING - Suspicious I/O activity detected - PID: 6916, Name: chrome.exe
2024-11-07 15:58:42,071 - WARNING - Suspicious I/O activity detected - PID: 7140, Name: svchost.exe
2024-11-07 15:58:42,601 - WARNING - Suspicious I/O activity detected - PID: 8064, Name: msedge.exe
2024-11-07 15:58:42,814 - WARNING - High number of open files detected - PID: 8064, Name: msedge.exe
2024-11-07 15:58:42,826 - WARNING - Suspicious I/O activity detected - PID: 8296, Name: chrome.exe
2024-11-07 15:58:42,935 - WARNING - Suspicious I/O activity detected - PID: 8516, Name: SearchApp.exe
2024-11-07 15:58:43,136 - WARNING - Suspicious I/O activity detected - PID: 8600, Name: chrome.exe
2024-11-07 15:58:43,328 - WARNING - Suspicious I/O activity detected - PID: 8668, Name: Code.exe
2024-11-07 15:58:43,441 - WARNING - Suspicious I/O activity detected - PID: 9140, Name: chrome.exe
2024-11-07 15:58:43,683 - WARNING - Suspicious I/O activity detected - PID: 9428, Name: msedge.exe
2024-11-07 15:58:43,787 - WARNING - Suspicious I/O activity detected - PID: 9560, Name: chrome.exe
2024-11-07 15:58:43,900 - WARNING - High number of open files detected - PID: 9560, Name: chrome.exe
2024-11-07 15:58:43,900 - WARNING - Suspicious I/O activity detected - PID: 9588, Name: dllhost.exe
2024-11-07 15:58:44,155 - WARNING - Suspicious I/O activity detected - PID: 10052, Name: OneDrive.exe
2024-11-07 15:58:44,326 - WARNING - High number of open files detected - PID: 10052, Name: OneDrive.exe
2024-11-07 15:58:44,326 - WARNING - Suspicious I/O activity detected - PID: 10212, Name: Code.exe
2024-11-07 15:58:44,501 - WARNING - High number of open files detected - PID: 10212, Name: Code.exe
2024-11-07 15:58:44,502 - WARNING - Suspicious I/O activity detected - PID: 10452, Name: chrome.exe
2024-11-07 15:58:44,836 - WARNING - Suspicious I/O activity detected - PID: 11072, Name: msedgewebview2.exe
2024-11-07 15:58:44,933 - WARNING - Suspicious I/O activity detected - PID: 11076, Name: chrome.exe
2024-11-07 15:58:45,043 - WARNING - Suspicious I/O activity detected - PID: 11648, Name: MoUsoCoreWorker.exe
2024-11-07 15:58:45,043 - WARNING - Suspicious I/O activity detected - PID: 11692, Name: chrome.exe
2024-11-07 15:58:45,218 - WARNING - Suspicious I/O activity detected - PID: 11956, Name: Code.exe
2024-11-07 15:58:45,326 - WARNING - High number of open files detected - PID: 11956, Name: Code.exe
2024-11-07 15:58:45,934 - WARNING - Suspicious I/O activity detected - PID: 12468, Name: Code.exe
2024-11-07 15:58:46,024 - WARNING - Suspicious I/O activity detected - PID: 12512, Name: chrome.exe
2024-11-07 15:58:46,132 - WARNING - Suspicious I/O activity detected - PID: 12704, Name: chrome.exe
2024-11-07 15:58:46,638 - WARNING - Suspicious I/O activity detected - PID: 13632, Name: msedgewebview2.exe
2024-11-07 15:58:46,999 - WARNING - Suspicious I/O activity detected - PID: 14280, Name: msedge.exe
2024-11-07 15:58:47,219 - WARNING - Suspicious I/O activity detected - PID: 14840, Name: explorer.exe
2024-11-07 15:58:47,775 - WARNING - High number of open files detected - PID: 14840, Name: explorer.exe
2024-11-07 15:58:47,865 - WARNING - Suspicious I/O activity detected - PID: 15204, Name: chrome.exe
2024-11-07 15:58:47,993 - WARNING - Suspicious I/O activity detected - PID: 15592, Name: chrome.exe
2024-11-07 15:58:48,108 - WARNING - Suspicious I/O activity detected - PID: 15628, Name: Microsoft.SharePoint.exe
2024-11-07 15:58:48,297 - WARNING - Suspicious I/O activity detected - PID: 15956, Name: chrome.exe
2024-11-07 15:58:48,421 - WARNING - High number of open files detected - PID: 15956, Name: chrome.exe
2024-11-07 15:58:48,421 - WARNING - Suspicious I/O activity detected - PID: 16160, Name: chrome.exe
2024-11-07 15:58:48,515 - WARNING - Suspicious I/O activity detected - PID: 16420, Name: chrome.exe
2024-11-07 15:58:49,071 - WARNING - Suspicious I/O activity detected - PID: 17452, Name: chrome.exe
2024-11-07 15:58:49,179 - WARNING - Suspicious I/O activity detected - PID: 17500, Name: msedgewebview2.exe
2024-11-07 15:58:49,373 - WARNING - High number of open files detected - PID: 17500, Name: msedgewebview2.exe
2024-11-07 15:58:49,373 - WARNING - Suspicious I/O activity detected - PID: 18132, Name: chrome.exe
2024-11-07 15:58:49,676 - WARNING - Suspicious I/O activity detected - PID: 18844, Name: chrome.exe
2024-11-07 15:58:49,771 - WARNING - Suspicious I/O activity detected - PID: 18944, Name: chrome.exe
2024-11-07 15:58:49,879 - WARNING - Suspicious I/O activity detected - PID: 18964, Name: chrome.exe
2024-11-07 15:58:50,080 - WARNING - Suspicious I/O activity detected - PID: 19208, Name: chrome.exe
2024-11-07 15:58:50,187 - WARNING - Suspicious I/O activity detected - PID: 19396, Name: Code.exe
2024-11-07 15:58:50,499 - WARNING - Suspicious I/O activity detected - PID: 20260, Name: Code.exe
2024-11-07 15:58:50,652 - WARNING - Suspicious I/O activity detected - PID: 20696, Name: chrome.exe
2024-11-07 15:58:50,797 - WARNING - Suspicious I/O activity detected - PID: 20952, Name: SearchApp.exe
2024-11-07 15:58:51,192 - WARNING - Suspicious I/O activity detected - PID: 21944, Name: chrome.exe
2024-11-07 15:58:51,525 - WARNING - Suspicious I/O activity detected - PID: 22456, Name: Code.exe
2024-11-07 15:58:51,634 - WARNING - Suspicious file extension detected: C:\Users\src\ransomware_study\data\critical\file1.txt.encrypted
2024-11-07 15:58:51,634 - WARNING - Suspicious file extension detected: C:\Users\src\ransomware_study\data\critical\file2.txt.encrypted
2024-11-07 15:58:51,634 - WARNING - Suspicious file extension detected: C:\Users\src\ransomware_study\data\critical\documents\doc1.txt.encrypted
2024-11-07 15:58:51,634 - WARNING - Suspicious file extension detected: C:\Users\src\ransomware_study\data\critical\documents\doc2.txt.encrypted
2024-11-07 15:58:51,635 - WARNING - Suspicious file extension detected: C:\Users\src\ransomware_study\data\critical\subdir\file3.txt.encrypted
2024-11-07 15:58:52,682 - WARNING - Suspicious I/O activity detected - PID: 4, Name: System
2024-11-07 15:58:52,691 - WARNING - Suspicious I/O activity detected - PID: 124, Name: Registry
2024-11-07 15:58:52,751 - WARNING - Suspicious I/O activity detected - PID: 836, Name: services.exe
2024-11-07 15:58:52,761 - WARNING - Suspicious I/O activity detected - PID: 992, Name: svchost.exe
2024-11-07 15:58:52,762 - WARNING - Suspicious I/O activity detected - PID: 1028, Name: svchost.exe
2024-11-07 15:58:53,113 - WARNING - Suspicious I/O activity detected - PID: 1320, Name: chrome.exe
2024-11-07 15:58:53,323 - WARNING - Suspicious I/O activity detected - PID: 1452, Name: svchost.exe
2024-11-07 15:58:53,338 - WARNING - Suspicious I/O activity detected - PID: 1604, Name: svchost.exe
2024-11-07 15:58:53,338 - WARNING - Suspicious I/O activity detected - PID: 1688, Name: taskhostw.exe
2024-11-07 15:58:53,439 - WARNING - Suspicious I/O activity detected - PID: 1708, Name: msedgewebview2.exe
2024-11-07 15:58:53,530 - WARNING - Suspicious I/O activity detected - PID: 1716, Name: Microsoft.Management.Services.IntuneWindowsAgent.exe
2024-11-07 15:58:53,764 - WARNING - Suspicious I/O activity detected - PID: 2244, Name: chrome.exe
2024-11-07 15:58:54,001 - WARNING - Suspicious I/O activity detected - PID: 2388, Name: svchost.exe
2024-11-07 15:58:54,006 - WARNING - Suspicious I/O activity detected - PID: 2444, Name: chrome.exe
2024-11-07 15:58:54,491 - WARNING - High number of open files detected - PID: 2444, Name: chrome.exe
2024-11-07 15:58:54,604 - WARNING - Suspicious I/O activity detected - PID: 2832, Name: svchost.exe
2024-11-07 15:58:54,821 - WARNING - Suspicious I/O activity detected - PID: 4256, Name: svchost.exe
2024-11-07 15:58:54,964 - WARNING - Suspicious I/O activity detected - PID: 4316, Name: svchost.exe
2024-11-07 15:58:54,971 - WARNING - Suspicious I/O activity detected - PID: 4336, Name: svchost.exe
2024-11-07 15:58:54,992 - WARNING - Suspicious I/O activity detected - PID: 4376, Name: LMS.exe
2024-11-07 15:58:54,998 - WARNING - Suspicious I/O activity detected - PID: 4392, Name: svchost.exe
2024-11-07 15:58:55,008 - WARNING - Suspicious I/O activity detected - PID: 4428, Name: chrome.exe
2024-11-07 15:58:55,160 - WARNING - High number of open files detected - PID: 4428, Name: chrome.exe
2024-11-07 15:58:55,165 - WARNING - Suspicious I/O activity detected - PID: 4444, Name: MsMpEng.exe
2024-11-07 15:58:55,189 - WARNING - Suspicious I/O activity detected - PID: 4552, Name: svchost.exe
2024-11-07 15:58:55,194 - WARNING - Suspicious I/O activity detected - PID: 4636, Name: chrome.exe
2024-11-07 15:58:55,617 - WARNING - Suspicious I/O activity detected - PID: 5472, Name: SearchIndexer.exe
2024-11-07 15:58:55,622 - WARNING - Suspicious I/O activity detected - PID: 5608, Name: msedgewebview2.exe
2024-11-07 15:58:55,942 - WARNING - Suspicious I/O activity detected - PID: 6020, Name: dllhost.exe
2024-11-07 15:58:55,955 - WARNING - Suspicious I/O activity detected - PID: 6268, Name: chrome.exe
2024-11-07 15:58:56,260 - WARNING - Suspicious I/O activity detected - PID: 6916, Name: chrome.exe
2024-11-07 15:58:56,607 - WARNING - Suspicious I/O activity detected - PID: 7140, Name: svchost.exe
2024-11-07 15:58:57,024 - WARNING - Suspicious I/O activity detected - PID: 8064, Name: msedge.exe
2024-11-07 15:58:57,212 - WARNING - High number of open files detected - PID: 8064, Name: msedge.exe
2024-11-07 15:58:57,216 - WARNING - Suspicious I/O activity detected - PID: 8296, Name: chrome.exe
2024-11-07 15:58:57,327 - WARNING - Suspicious I/O activity detected - PID: 8516, Name: SearchApp.exe
2024-11-07 15:58:57,537 - WARNING - Suspicious I/O activity detected - PID: 8600, Name: chrome.exe
2024-11-07 15:58:57,720 - WARNING - Suspicious I/O activity detected - PID: 8668, Name: Code.exe
2024-11-07 15:58:57,834 - WARNING - Suspicious I/O activity detected - PID: 9140, Name: chrome.exe
2024-11-07 15:58:58,084 - WARNING - Suspicious I/O activity detected - PID: 9428, Name: msedge.exe
2024-11-07 15:58:58,186 - WARNING - Suspicious I/O activity detected - PID: 9560, Name: chrome.exe
2024-11-07 15:58:58,308 - WARNING - High number of open files detected - PID: 9560, Name: chrome.exe
2024-11-07 15:58:58,308 - WARNING - Suspicious I/O activity detected - PID: 9588, Name: dllhost.exe
2024-11-07 15:58:58,571 - WARNING - Suspicious I/O activity detected - PID: 10052, Name: OneDrive.exe
2024-11-07 15:58:58,731 - WARNING - High number of open files detected - PID: 10052, Name: OneDrive.exe
2024-11-07 15:58:58,731 - WARNING - Suspicious I/O activity detected - PID: 10212, Name: Code.exe
2024-11-07 15:58:58,891 - WARNING - High number of open files detected - PID: 10212, Name: Code.exe
2024-11-07 15:58:58,891 - WARNING - Suspicious I/O activity detected - PID: 10452, Name: chrome.exe
2024-11-07 15:58:59,208 - WARNING - Suspicious I/O activity detected - PID: 11072, Name: msedgewebview2.exe
2024-11-07 15:58:59,312 - WARNING - Suspicious I/O activity detected - PID: 11076, Name: chrome.exe
2024-11-07 15:58:59,427 - WARNING - Suspicious I/O activity detected - PID: 11648, Name: MoUsoCoreWorker.exe
2024-11-07 15:58:59,427 - WARNING - Suspicious I/O activity detected - PID: 11692, Name: chrome.exe
2024-11-07 15:58:59,605 - WARNING - Suspicious I/O activity detected - PID: 11956, Name: Code.exe
2024-11-07 15:58:59,716 - WARNING - High number of open files detected - PID: 11956, Name: Code.exe
2024-11-07 15:59:00,297 - WARNING - Suspicious I/O activity detected - PID: 12468, Name: Code.exe
2024-11-07 15:59:00,386 - WARNING - Suspicious I/O activity detected - PID: 12512, Name: chrome.exe
2024-11-07 15:59:00,495 - WARNING - Suspicious I/O activity detected - PID: 12704, Name: chrome.exe
2024-11-07 15:59:01,090 - WARNING - Suspicious I/O activity detected - PID: 13632, Name: msedgewebview2.exe
2024-11-07 15:59:01,429 - WARNING - Suspicious I/O activity detected - PID: 14280, Name: msedge.exe
2024-11-07 15:59:01,641 - WARNING - Suspicious I/O activity detected - PID: 14840, Name: explorer.exe
2024-11-07 15:59:01,945 - WARNING - High number of open files detected - PID: 14840, Name: explorer.exe
2024-11-07 15:59:02,022 - WARNING - Suspicious I/O activity detected - PID: 15204, Name: chrome.exe
2024-11-07 15:59:02,140 - WARNING - Suspicious I/O activity detected - PID: 15592, Name: chrome.exe
2024-11-07 15:59:02,253 - WARNING - Suspicious I/O activity detected - PID: 15628, Name: Microsoft.SharePoint.exe
2024-11-07 15:59:02,436 - WARNING - Suspicious I/O activity detected - PID: 15956, Name: chrome.exe
2024-11-07 15:59:02,564 - WARNING - High number of open files detected - PID: 15956, Name: chrome.exe
2024-11-07 15:59:02,564 - WARNING - Suspicious I/O activity detected - PID: 16160, Name: chrome.exe
2024-11-07 15:59:02,645 - WARNING - Suspicious I/O activity detected - PID: 16420, Name: chrome.exe
2024-11-07 15:59:03,185 - WARNING - Suspicious I/O activity detected - PID: 17452, Name: chrome.exe
2024-11-07 15:59:03,291 - WARNING - Suspicious I/O activity detected - PID: 17500, Name: msedgewebview2.exe
2024-11-07 15:59:03,467 - WARNING - High number of open files detected - PID: 17500, Name: msedgewebview2.exe
2024-11-07 15:59:03,467 - WARNING - Suspicious I/O activity detected - PID: 18132, Name: chrome.exe
2024-11-07 15:59:03,757 - WARNING - Suspicious I/O activity detected - PID: 18844, Name: chrome.exe
2024-11-07 15:59:03,853 - WARNING - Suspicious I/O activity detected - PID: 18944, Name: chrome.exe
2024-11-07 15:59:03,965 - WARNING - Suspicious I/O activity detected - PID: 18964, Name: chrome.exe
2024-11-07 15:59:04,148 - WARNING - Suspicious I/O activity detected - PID: 19208, Name: chrome.exe
2024-11-07 15:59:04,262 - WARNING - Suspicious I/O activity detected - PID: 19396, Name: Code.exe
2024-11-07 15:59:04,535 - WARNING - Suspicious I/O activity detected - PID: 20260, Name: Code.exe
2024-11-07 15:59:04,635 - WARNING - Suspicious I/O activity detected - PID: 20696, Name: chrome.exe
2024-11-07 15:59:04,746 - WARNING - Suspicious I/O activity detected - PID: 20952, Name: SearchApp.exe
2024-11-07 15:59:05,100 - WARNING - Suspicious I/O activity detected - PID: 21944, Name: chrome.exe
2024-11-07 15:59:05,396 - WARNING - Suspicious I/O activity detected - PID: 22456, Name: Code.exe
2024-11-07 15:59:05,499 - WARNING - Suspicious file extension detected: C:\Users\src\ransomware_study\data\critical\file1.txt.encrypted
2024-11-07 15:59:05,499 - WARNING - Suspicious file extension detected: C:\Users\src\ransomware_study\data\critical\file2.txt.encrypted
2024-11-07 15:59:05,500 - WARNING - Suspicious file extension detected: C:\Users\src\ransomware_study\data\critical\documents\doc1.txt.encrypted
2024-11-07 15:59:05,500 - WARNING - Suspicious file extension detected: C:\Users\src\ransomware_study\data\critical\documents\doc2.txt.encrypted
2024-11-07 15:59:05,500 - WARNING - Suspicious file extension detected: C:\Users\src\ransomware_study\data\critical\subdir\file3.txt.encrypted
2024-11-07 15:59:06,516 - WARNING - Suspicious I/O activity detected - PID: 4, Name: System
2024-11-07 15:59:06,521 - WARNING - Suspicious I/O activity detected - PID: 124, Name: Registry
2024-11-07 15:59:06,561 - WARNING - Suspicious I/O activity detected - PID: 836, Name: services.exe
2024-11-07 15:59:06,572 - WARNING - Suspicious I/O activity detected - PID: 992, Name: svchost.exe
2024-11-07 15:59:06,572 - WARNING - Suspicious I/O activity detected - PID: 1028, Name: svchost.exe
2024-11-07 15:59:06,911 - WARNING - Suspicious I/O activity detected - PID: 1320, Name: chrome.exe
2024-11-07 15:59:07,107 - WARNING - Suspicious I/O activity detected - PID: 1452, Name: svchost.exe
2024-11-07 15:59:07,119 - WARNING - Suspicious I/O activity detected - PID: 1604, Name: svchost.exe
2024-11-07 15:59:07,120 - WARNING - Suspicious I/O activity detected - PID: 1688, Name: taskhostw.exe
2024-11-07 15:59:07,216 - WARNING - Suspicious I/O activity detected - PID: 1708, Name: msedgewebview2.exe
2024-11-07 15:59:07,306 - WARNING - Suspicious I/O activity detected - PID: 1716, Name: Microsoft.Management.Services.IntuneWindowsAgent.exe
2024-11-07 15:59:07,538 - WARNING - Suspicious I/O activity detected - PID: 2244, Name: chrome.exe
2024-11-07 15:59:07,765 - WARNING - Suspicious I/O activity detected - PID: 2388, Name: svchost.exe
2024-11-07 15:59:07,769 - WARNING - Suspicious I/O activity detected - PID: 2444, Name: chrome.exe
2024-11-07 15:59:08,252 - WARNING - High number of open files detected - PID: 2444, Name: chrome.exe
2024-11-07 15:59:08,363 - WARNING - Suspicious I/O activity detected - PID: 2832, Name: svchost.exe
2024-11-07 15:59:08,540 - WARNING - Suspicious I/O activity detected - PID: 4256, Name: svchost.exe
2024-11-07 15:59:08,664 - WARNING - Suspicious I/O activity detected - PID: 4316, Name: svchost.exe
2024-11-07 15:59:08,668 - WARNING - Suspicious I/O activity detected - PID: 4336, Name: svchost.exe
2024-11-07 15:59:08,682 - WARNING - Suspicious I/O activity detected - PID: 4376, Name: LMS.exe
2024-11-07 15:59:08,686 - WARNING - Suspicious I/O activity detected - PID: 4392, Name: svchost.exe
2024-11-07 15:59:08,693 - WARNING - Suspicious I/O activity detected - PID: 4428, Name: chrome.exe
2024-11-07 15:59:08,828 - WARNING - High number of open files detected - PID: 4428, Name: chrome.exe
2024-11-07 15:59:08,833 - WARNING - Suspicious I/O activity detected - PID: 4444, Name: MsMpEng.exe
2024-11-07 15:59:08,852 - WARNING - Suspicious I/O activity detected - PID: 4552, Name: svchost.exe
2024-11-07 15:59:08,856 - WARNING - Suspicious I/O activity detected - PID: 4636, Name: chrome.exe
2024-11-07 15:59:09,246 - WARNING - Suspicious I/O activity detected - PID: 5472, Name: SearchIndexer.exe
2024-11-07 15:59:09,250 - WARNING - Suspicious I/O activity detected - PID: 5608, Name: msedgewebview2.exe
2024-11-07 15:59:09,567 - WARNING - Suspicious I/O activity detected - PID: 6020, Name: dllhost.exe
2024-11-07 15:59:09,579 - WARNING - Suspicious I/O activity detected - PID: 6268, Name: chrome.exe
2024-11-07 15:59:09,876 - WARNING - Suspicious I/O activity detected - PID: 6916, Name: chrome.exe
2024-11-07 15:59:10,200 - WARNING - Suspicious I/O activity detected - PID: 7140, Name: svchost.exe
2024-11-07 15:59:10,615 - WARNING - Suspicious I/O activity detected - PID: 8064, Name: msedge.exe
2024-11-07 15:59:10,802 - WARNING - High number of open files detected - PID: 8064, Name: msedge.exe
2024-11-07 15:59:10,806 - WARNING - Suspicious I/O activity detected - PID: 8296, Name: chrome.exe
2024-11-07 15:59:10,910 - WARNING - Suspicious I/O activity detected - PID: 8516, Name: SearchApp.exe
2024-11-07 15:59:11,105 - WARNING - Suspicious I/O activity detected - PID: 8600, Name: chrome.exe
2024-11-07 15:59:11,283 - WARNING - Suspicious I/O activity detected - PID: 8668, Name: Code.exe
2024-11-07 15:59:11,395 - WARNING - Suspicious I/O activity detected - PID: 9140, Name: chrome.exe
2024-11-07 15:59:11,636 - WARNING - Suspicious I/O activity detected - PID: 9428, Name: msedge.exe
2024-11-07 15:59:11,737 - WARNING - Suspicious I/O activity detected - PID: 9560, Name: chrome.exe
2024-11-07 15:59:11,854 - WARNING - High number of open files detected - PID: 9560, Name: chrome.exe
2024-11-07 15:59:11,854 - WARNING - Suspicious I/O activity detected - PID: 9588, Name: dllhost.exe
2024-11-07 15:59:12,115 - WARNING - Suspicious I/O activity detected - PID: 10052, Name: OneDrive.exe
2024-11-07 15:59:12,271 - WARNING - High number of open files detected - PID: 10052, Name: OneDrive.exe
2024-11-07 15:59:12,271 - WARNING - Suspicious I/O activity detected - PID: 10212, Name: Code.exe
2024-11-07 15:59:12,424 - WARNING - High number of open files detected - PID: 10212, Name: Code.exe
2024-11-07 15:59:12,424 - WARNING - Suspicious I/O activity detected - PID: 10452, Name: chrome.exe
2024-11-07 15:59:12,738 - WARNING - Suspicious I/O activity detected - PID: 11072, Name: msedgewebview2.exe
2024-11-07 15:59:12,838 - WARNING - Suspicious I/O activity detected - PID: 11076, Name: chrome.exe
2024-11-07 15:59:12,951 - WARNING - Suspicious I/O activity detected - PID: 11648, Name: MoUsoCoreWorker.exe
2024-11-07 15:59:12,952 - WARNING - Suspicious I/O activity detected - PID: 11692, Name: chrome.exe
2024-11-07 15:59:13,125 - WARNING - Suspicious I/O activity detected - PID: 11956, Name: Code.exe
2024-11-07 15:59:13,234 - WARNING - High number of open files detected - PID: 11956, Name: Code.exe
2024-11-07 15:59:13,794 - WARNING - Suspicious I/O activity detected - PID: 12468, Name: Code.exe
2024-11-07 15:59:13,884 - WARNING - Suspicious I/O activity detected - PID: 12512, Name: chrome.exe
2024-11-07 15:59:13,989 - WARNING - Suspicious I/O activity detected - PID: 12704, Name: chrome.exe
2024-11-07 15:59:14,482 - WARNING - Suspicious I/O activity detected - PID: 13632, Name: msedgewebview2.exe
2024-11-07 15:59:14,820 - WARNING - Suspicious I/O activity detected - PID: 14280, Name: msedge.exe
2024-11-07 15:59:15,008 - WARNING - Suspicious I/O activity detected - PID: 14840, Name: explorer.exe
2024-11-07 15:59:15,304 - WARNING - High number of open files detected - PID: 14840, Name: explorer.exe
2024-11-07 15:59:15,378 - WARNING - Suspicious I/O activity detected - PID: 15204, Name: chrome.exe
2024-11-07 15:59:15,482 - WARNING - Suspicious I/O activity detected - PID: 15592, Name: chrome.exe
2024-11-07 15:59:15,585 - WARNING - Suspicious I/O activity detected - PID: 15628, Name: Microsoft.SharePoint.exe
2024-11-07 15:59:15,777 - WARNING - Suspicious I/O activity detected - PID: 15956, Name: chrome.exe
2024-11-07 15:59:15,904 - WARNING - High number of open files detected - PID: 15956, Name: chrome.exe
2024-11-07 15:59:15,904 - WARNING - Suspicious I/O activity detected - PID: 16160, Name: chrome.exe
2024-11-07 15:59:15,990 - WARNING - Suspicious I/O activity detected - PID: 16420, Name: chrome.exe
2024-11-07 15:59:16,525 - WARNING - Suspicious I/O activity detected - PID: 17452, Name: chrome.exe
2024-11-07 15:59:16,653 - WARNING - Suspicious I/O activity detected - PID: 17500, Name: msedgewebview2.exe
2024-11-07 15:59:16,840 - WARNING - High number of open files detected - PID: 17500, Name: msedgewebview2.exe
2024-11-07 15:59:16,840 - WARNING - Suspicious I/O activity detected - PID: 18132, Name: chrome.exe
2024-11-07 15:59:17,130 - WARNING - Suspicious I/O activity detected - PID: 18844, Name: chrome.exe
2024-11-07 15:59:17,223 - WARNING - Suspicious I/O activity detected - PID: 18944, Name: chrome.exe
2024-11-07 15:59:17,331 - WARNING - Suspicious I/O activity detected - PID: 18964, Name: chrome.exe
2024-11-07 15:59:17,524 - WARNING - Suspicious I/O activity detected - PID: 19208, Name: chrome.exe
2024-11-07 15:59:17,637 - WARNING - Suspicious I/O activity detected - PID: 19396, Name: Code.exe
2024-11-07 15:59:17,909 - WARNING - Suspicious I/O activity detected - PID: 20260, Name: Code.exe
2024-11-07 15:59:18,009 - WARNING - Suspicious I/O activity detected - PID: 20696, Name: chrome.exe
2024-11-07 15:59:18,128 - WARNING - Suspicious I/O activity detected - PID: 20952, Name: SearchApp.exe
2024-11-07 15:59:18,492 - WARNING - Suspicious I/O activity detected - PID: 21944, Name: chrome.exe
2024-11-07 15:59:18,777 - WARNING - Suspicious I/O activity detected - PID: 22456, Name: Code.exe
2024-11-07 15:59:18,884 - WARNING - Suspicious file extension detected: C:\Users\src\ransomware_study\data\critical\file1.txt.encrypted
2024-11-07 15:59:18,884 - WARNING - Suspicious file extension detected: C:\Users\src\ransomware_study\data\critical\file2.txt.encrypted
2024-11-07 15:59:18,885 - WARNING - Suspicious file extension detected: C:\Users\src\ransomware_study\data\critical\documents\doc1.txt.encrypted
2024-11-07 15:59:18,885 - WARNING - Suspicious file extension detected: C:\Users\src\ransomware_study\data\critical\documents\doc2.txt.encrypted
2024-11-07 15:59:18,885 - WARNING - Suspicious file extension detected: C:\Users\src\ransomware_study\data\critical\subdir\file3.txt.encrypted
2024-11-07 15:59:19,916 - WARNING - Suspicious I/O activity detected - PID: 4, Name: System
2024-11-07 15:59:19,926 - WARNING - Suspicious I/O activity detected - PID: 124, Name: Registry
2024-11-07 15:59:19,967 - WARNING - Suspicious I/O activity detected - PID: 836, Name: services.exe
2024-11-07 15:59:19,976 - WARNING - Suspicious I/O activity detected - PID: 992, Name: svchost.exe
2024-11-07 15:59:19,976 - WARNING - Suspicious I/O activity detected - PID: 1028, Name: svchost.exe
2024-11-07 15:59:20,306 - WARNING - Suspicious I/O activity detected - PID: 1320, Name: chrome.exe
2024-11-07 15:59:20,508 - WARNING - Suspicious I/O activity detected - PID: 1452, Name: svchost.exe
2024-11-07 15:59:20,520 - WARNING - Suspicious I/O activity detected - PID: 1604, Name: svchost.exe
2024-11-07 15:59:20,520 - WARNING - Suspicious I/O activity detected - PID: 1688, Name: taskhostw.exe
2024-11-07 15:59:20,617 - WARNING - Suspicious I/O activity detected - PID: 1708, Name: msedgewebview2.exe
2024-11-07 15:59:20,706 - WARNING - Suspicious I/O activity detected - PID: 1716, Name: Microsoft.Management.Services.IntuneWindowsAgent.exe
2024-11-07 15:59:20,929 - WARNING - Suspicious I/O activity detected - PID: 2244, Name: chrome.exe
2024-11-07 15:59:21,152 - WARNING - Suspicious I/O activity detected - PID: 2388, Name: svchost.exe
2024-11-07 15:59:21,156 - WARNING - Suspicious I/O activity detected - PID: 2444, Name: chrome.exe
2024-11-07 15:59:21,647 - WARNING - High number of open files detected - PID: 2444, Name: chrome.exe
2024-11-07 15:59:21,757 - WARNING - Suspicious I/O activity detected - PID: 2832, Name: svchost.exe
2024-11-07 15:59:21,935 - WARNING - Suspicious I/O activity detected - PID: 4256, Name: svchost.exe
2024-11-07 15:59:22,063 - WARNING - Suspicious I/O activity detected - PID: 4316, Name: svchost.exe
2024-11-07 15:59:22,067 - WARNING - Suspicious I/O activity detected - PID: 4336, Name: svchost.exe
2024-11-07 15:59:22,082 - WARNING - Suspicious I/O activity detected - PID: 4376, Name: LMS.exe
2024-11-07 15:59:22,087 - WARNING - Suspicious I/O activity detected - PID: 4392, Name: svchost.exe
2024-11-07 15:59:22,095 - WARNING - Suspicious I/O activity detected - PID: 4428, Name: chrome.exe
2024-11-07 15:59:22,230 - WARNING - High number of open files detected - PID: 4428, Name: chrome.exe
2024-11-07 15:59:22,235 - WARNING - Suspicious I/O activity detected - PID: 4444, Name: MsMpEng.exe
2024-11-07 15:59:22,253 - WARNING - Suspicious I/O activity detected - PID: 4552, Name: svchost.exe
2024-11-07 15:59:22,257 - WARNING - Suspicious I/O activity detected - PID: 4636, Name: chrome.exe
2024-11-07 15:59:22,657 - WARNING - Suspicious I/O activity detected - PID: 5472, Name: SearchIndexer.exe
2024-11-07 15:59:22,661 - WARNING - Suspicious I/O activity detected - PID: 5608, Name: msedgewebview2.exe
2024-11-07 15:59:22,972 - WARNING - Suspicious I/O activity detected - PID: 6020, Name: dllhost.exe
2024-11-07 15:59:22,984 - WARNING - Suspicious I/O activity detected - PID: 6268, Name: chrome.exe
2024-11-07 15:59:23,282 - WARNING - Suspicious I/O activity detected - PID: 6916, Name: chrome.exe
2024-11-07 15:59:23,598 - WARNING - Suspicious I/O activity detected - PID: 7140, Name: svchost.exe
2024-11-07 15:59:24,024 - WARNING - Suspicious I/O activity detected - PID: 8064, Name: msedge.exe
2024-11-07 15:59:24,207 - WARNING - High number of open files detected - PID: 8064, Name: msedge.exe
2024-11-07 15:59:24,212 - WARNING - Suspicious I/O activity detected - PID: 8296, Name: chrome.exe
2024-11-07 15:59:24,312 - WARNING - Suspicious I/O activity detected - PID: 8516, Name: SearchApp.exe
2024-11-07 15:59:24,511 - WARNING - Suspicious I/O activity detected - PID: 8600, Name: chrome.exe
2024-11-07 15:59:24,686 - WARNING - Suspicious I/O activity detected - PID: 8668, Name: Code.exe
2024-11-07 15:59:24,801 - WARNING - Suspicious I/O activity detected - PID: 9140, Name: chrome.exe
2024-11-07 15:59:25,050 - WARNING - Suspicious I/O activity detected - PID: 9428, Name: msedge.exe
2024-11-07 15:59:25,153 - WARNING - Suspicious I/O activity detected - PID: 9560, Name: chrome.exe
2024-11-07 15:59:25,271 - WARNING - High number of open files detected - PID: 9560, Name: chrome.exe
2024-11-07 15:59:25,271 - WARNING - Suspicious I/O activity detected - PID: 9588, Name: dllhost.exe
2024-11-07 15:59:25,526 - WARNING - Suspicious I/O activity detected - PID: 10052, Name: OneDrive.exe
2024-11-07 15:59:25,682 - WARNING - High number of open files detected - PID: 10052, Name: OneDrive.exe
2024-11-07 15:59:25,682 - WARNING - Suspicious I/O activity detected - PID: 10212, Name: Code.exe
2024-11-07 15:59:25,864 - WARNING - High number of open files detected - PID: 10212, Name: Code.exe
2024-11-07 15:59:25,864 - WARNING - Suspicious I/O activity detected - PID: 10452, Name: chrome.exe
2024-11-07 15:59:26,175 - WARNING - Suspicious I/O activity detected - PID: 11072, Name: msedgewebview2.exe
2024-11-07 15:59:26,275 - WARNING - Suspicious I/O activity detected - PID: 11076, Name: chrome.exe
2024-11-07 15:59:26,385 - WARNING - Suspicious I/O activity detected - PID: 11648, Name: MoUsoCoreWorker.exe
2024-11-07 15:59:26,385 - WARNING - Suspicious I/O activity detected - PID: 11692, Name: chrome.exe
2024-11-07 15:59:26,557 - WARNING - Suspicious I/O activity detected - PID: 11956, Name: Code.exe
2024-11-07 15:59:26,720 - WARNING - High number of open files detected - PID: 11956, Name: Code.exe
2024-11-07 15:59:27,312 - WARNING - Suspicious I/O activity detected - PID: 12468, Name: Code.exe
2024-11-07 15:59:27,401 - WARNING - Suspicious I/O activity detected - PID: 12512, Name: chrome.exe
2024-11-07 15:59:27,510 - WARNING - Suspicious I/O activity detected - PID: 12704, Name: chrome.exe
2024-11-07 15:59:28,040 - WARNING - Suspicious I/O activity detected - PID: 13632, Name: msedgewebview2.exe
2024-11-07 15:59:28,400 - WARNING - Suspicious I/O activity detected - PID: 14280, Name: msedge.exe
2024-11-07 15:59:28,595 - WARNING - Suspicious I/O activity detected - PID: 14840, Name: explorer.exe
2024-11-07 15:59:28,917 - INFO - File deleted: C:\Users\src\ransomware_study\data\critical\file1.txt - Threat Score: 45
2024-11-07 15:59:28,927 - WARNING - High number of open files detected - PID: 14840, Name: explorer.exe
2024-11-07 15:59:29,014 - WARNING - Suspicious I/O activity detected - PID: 15204, Name: chrome.exe
2024-11-07 15:59:29,131 - WARNING - Suspicious I/O activity detected - PID: 15592, Name: chrome.exe
2024-11-07 15:59:29,244 - WARNING - Suspicious I/O activity detected - PID: 15628, Name: Microsoft.SharePoint.exe
2024-11-07 15:59:29,425 - WARNING - Suspicious I/O activity detected - PID: 15956, Name: chrome.exe
2024-11-07 15:59:29,554 - WARNING - High number of open files detected - PID: 15956, Name: chrome.exe
2024-11-07 15:59:29,554 - WARNING - Suspicious I/O activity detected - PID: 16160, Name: chrome.exe
2024-11-07 15:59:29,638 - WARNING - Suspicious I/O activity detected - PID: 16420, Name: chrome.exe
2024-11-07 15:59:30,269 - WARNING - Suspicious I/O activity detected - PID: 17452, Name: chrome.exe
2024-11-07 15:59:30,371 - WARNING - Suspicious I/O activity detected - PID: 17500, Name: msedgewebview2.exe
2024-11-07 15:59:30,538 - WARNING - High number of open files detected - PID: 17500, Name: msedgewebview2.exe
2024-11-07 15:59:30,539 - WARNING - Suspicious I/O activity detected - PID: 18132, Name: chrome.exe
2024-11-07 15:59:30,736 - INFO - File created: C:\Users\src\ransomware_study\data\critical\file1.txt - Threat Score: 45
2024-11-07 15:59:30,736 - INFO - File modified: C:\Users\src\ransomware_study\data\critical\file1.txt - Threat Score: 45
2024-11-07 15:59:30,736 - INFO - File modified: C:\Users\src\ransomware_study\data\critical\file1.txt - Threat Score: 45
2024-11-07 15:59:30,823 - WARNING - Suspicious I/O activity detected - PID: 18844, Name: chrome.exe
2024-11-07 15:59:30,918 - WARNING - Suspicious I/O activity detected - PID: 18944, Name: chrome.exe
2024-11-07 15:59:31,023 - WARNING - Suspicious I/O activity detected - PID: 18964, Name: chrome.exe
2024-11-07 15:59:31,213 - WARNING - Suspicious I/O activity detected - PID: 19208, Name: chrome.exe
2024-11-07 15:59:31,325 - WARNING - Suspicious I/O activity detected - PID: 19396, Name: Code.exe
2024-11-07 15:59:31,599 - WARNING - Suspicious I/O activity detected - PID: 20260, Name: Code.exe
2024-11-07 15:59:31,701 - WARNING - Suspicious I/O activity detected - PID: 20696, Name: chrome.exe
2024-11-07 15:59:31,814 - WARNING - Suspicious I/O activity detected - PID: 20952, Name: SearchApp.exe
2024-11-07 15:59:32,162 - WARNING - Suspicious I/O activity detected - PID: 21944, Name: chrome.exe
2024-11-07 15:59:32,490 - WARNING - Suspicious I/O activity detected - PID: 22456, Name: Code.exe
2024-11-07 15:59:32,598 - WARNING - Suspicious file extension detected: C:\Users\src\ransomware_study\data\critical\file1.txt.encrypted
2024-11-07 15:59:32,598 - WARNING - Suspicious file extension detected: C:\Users\src\ransomware_study\data\critical\file2.txt.encrypted
2024-11-07 15:59:32,598 - WARNING - Suspicious file extension detected: C:\Users\src\ransomware_study\data\critical\documents\doc1.txt.encrypted
2024-11-07 15:59:32,598 - WARNING - Suspicious file extension detected: C:\Users\src\ransomware_study\data\critical\documents\doc2.txt.encrypted
2024-11-07 15:59:32,599 - WARNING - Suspicious file extension detected: C:\Users\src\ransomware_study\data\critical\subdir\file3.txt.encrypted
2024-11-07 15:59:33,619 - WARNING - Suspicious I/O activity detected - PID: 4, Name: System
2024-11-07 15:59:33,627 - WARNING - Suspicious I/O activity detected - PID: 124, Name: Registry
2024-11-07 15:59:33,676 - WARNING - Suspicious I/O activity detected - PID: 836, Name: services.exe
2024-11-07 15:59:33,686 - WARNING - Suspicious I/O activity detected - PID: 992, Name: svchost.exe
2024-11-07 15:59:33,687 - WARNING - Suspicious I/O activity detected - PID: 1028, Name: svchost.exe
2024-11-07 15:59:34,039 - WARNING - Suspicious I/O activity detected - PID: 1320, Name: chrome.exe
2024-11-07 15:59:34,262 - WARNING - Suspicious I/O activity detected - PID: 1452, Name: svchost.exe
2024-11-07 15:59:34,274 - WARNING - Suspicious I/O activity detected - PID: 1604, Name: svchost.exe
2024-11-07 15:59:34,274 - WARNING - Suspicious I/O activity detected - PID: 1688, Name: taskhostw.exe
2024-11-07 15:59:34,376 - WARNING - Suspicious I/O activity detected - PID: 1708, Name: msedgewebview2.exe
2024-11-07 15:59:34,469 - WARNING - Suspicious I/O activity detected - PID: 1716, Name: Microsoft.Management.Services.IntuneWindowsAgent.exe
2024-11-07 15:59:34,692 - WARNING - Suspicious I/O activity detected - PID: 2244, Name: chrome.exe
2024-11-07 15:59:34,930 - WARNING - Suspicious I/O activity detected - PID: 2388, Name: svchost.exe
2024-11-07 15:59:34,935 - WARNING - Suspicious I/O activity detected - PID: 2444, Name: chrome.exe
2024-11-07 15:59:35,437 - WARNING - High number of open files detected - PID: 2444, Name: chrome.exe
2024-11-07 15:59:35,555 - WARNING - Suspicious I/O activity detected - PID: 2832, Name: svchost.exe
2024-11-07 15:59:35,735 - WARNING - Suspicious I/O activity detected - PID: 4256, Name: svchost.exe
2024-11-07 15:59:35,863 - WARNING - Suspicious I/O activity detected - PID: 4316, Name: svchost.exe
2024-11-07 15:59:35,867 - WARNING - Suspicious I/O activity detected - PID: 4336, Name: svchost.exe
2024-11-07 15:59:35,882 - WARNING - Suspicious I/O activity detected - PID: 4376, Name: LMS.exe
2024-11-07 15:59:35,886 - WARNING - Suspicious I/O activity detected - PID: 4392, Name: svchost.exe
2024-11-07 15:59:35,894 - WARNING - Suspicious I/O activity detected - PID: 4428, Name: chrome.exe
2024-11-07 15:59:36,037 - INFO - File deleted: C:\Users\src\ransomware_study\data\critical\file1.txt.encrypted - Threat Score: 45
2024-11-07 15:59:36,043 - WARNING - High number of open files detected - PID: 4428, Name: chrome.exe
2024-11-07 15:59:36,051 - WARNING - Suspicious I/O activity detected - PID: 4444, Name: MsMpEng.exe
2024-11-07 15:59:36,082 - WARNING - Suspicious I/O activity detected - PID: 4552, Name: svchost.exe
2024-11-07 15:59:36,091 - WARNING - Suspicious I/O activity detected - PID: 4636, Name: chrome.exe
2024-11-07 15:59:36,210 - INFO - File deleted: C:\Users\src\ransomware_study\data\critical\file2.txt.encrypted - Threat Score: 45
2024-11-07 15:59:36,493 - WARNING - Suspicious I/O activity detected - PID: 5472, Name: SearchIndexer.exe
2024-11-07 15:59:36,497 - WARNING - Suspicious I/O activity detected - PID: 5608, Name: msedgewebview2.exe
2024-11-07 15:59:36,800 - WARNING - Suspicious I/O activity detected - PID: 6020, Name: dllhost.exe
2024-11-07 15:59:36,813 - WARNING - Suspicious I/O activity detected - PID: 6268, Name: chrome.exe
2024-11-07 15:59:37,100 - WARNING - Suspicious I/O activity detected - PID: 6916, Name: chrome.exe
2024-11-07 15:59:37,415 - WARNING - Suspicious I/O activity detected - PID: 7140, Name: svchost.exe
2024-11-07 15:59:37,845 - WARNING - Suspicious I/O activity detected - PID: 8064, Name: msedge.exe
2024-11-07 15:59:38,034 - WARNING - High number of open files detected - PID: 8064, Name: msedge.exe
2024-11-07 15:59:38,038 - WARNING - Suspicious I/O activity detected - PID: 8296, Name: chrome.exe
2024-11-07 15:59:38,143 - WARNING - Suspicious I/O activity detected - PID: 8516, Name: SearchApp.exe
2024-11-07 15:59:38,345 - WARNING - Suspicious I/O activity detected - PID: 8600, Name: chrome.exe
2024-11-07 15:59:38,520 - WARNING - Suspicious I/O activity detected - PID: 8668, Name: Code.exe
2024-11-07 15:59:38,636 - WARNING - Suspicious I/O activity detected - PID: 9140, Name: chrome.exe
2024-11-07 15:59:38,879 - WARNING - Suspicious I/O activity detected - PID: 9428, Name: msedge.exe
2024-11-07 15:59:39,001 - WARNING - Suspicious I/O activity detected - PID: 9560, Name: chrome.exe
2024-11-07 15:59:39,130 - WARNING - High number of open files detected - PID: 9560, Name: chrome.exe
2024-11-07 15:59:39,130 - WARNING - Suspicious I/O activity detected - PID: 9588, Name: dllhost.exe
2024-11-07 15:59:39,396 - WARNING - Suspicious I/O activity detected - PID: 10052, Name: OneDrive.exe
2024-11-07 15:59:39,551 - WARNING - High number of open files detected - PID: 10052, Name: OneDrive.exe
2024-11-07 15:59:39,552 - WARNING - Suspicious I/O activity detected - PID: 10212, Name: Code.exe
2024-11-07 15:59:39,701 - WARNING - High number of open files detected - PID: 10212, Name: Code.exe
2024-11-07 15:59:39,701 - WARNING - Suspicious I/O activity detected - PID: 10452, Name: chrome.exe
2024-11-07 15:59:40,006 - WARNING - Suspicious I/O activity detected - PID: 11072, Name: msedgewebview2.exe
2024-11-07 15:59:40,107 - WARNING - Suspicious I/O activity detected - PID: 11076, Name: chrome.exe
2024-11-07 15:59:40,214 - WARNING - Suspicious I/O activity detected - PID: 11648, Name: MoUsoCoreWorker.exe
2024-11-07 15:59:40,214 - WARNING - Suspicious I/O activity detected - PID: 11692, Name: chrome.exe
2024-11-07 15:59:40,385 - WARNING - Suspicious I/O activity detected - PID: 11956, Name: Code.exe
2024-11-07 15:59:40,494 - WARNING - High number of open files detected - PID: 11956, Name: Code.exe
2024-11-07 15:59:41,060 - WARNING - Suspicious I/O activity detected - PID: 12468, Name: Code.exe
2024-11-07 15:59:41,158 - WARNING - Suspicious I/O activity detected - PID: 12512, Name: chrome.exe
2024-11-07 15:59:41,267 - WARNING - Suspicious I/O activity detected - PID: 12704, Name: chrome.exe
2024-11-07 15:59:41,802 - WARNING - Suspicious I/O activity detected - PID: 13632, Name: msedgewebview2.exe
2024-11-07 15:59:42,150 - WARNING - Suspicious I/O activity detected - PID: 14280, Name: msedge.exe
2024-11-07 15:59:42,357 - WARNING - Suspicious I/O activity detected - PID: 14840, Name: explorer.exe
2024-11-07 15:59:42,663 - WARNING - High number of open files detected - PID: 14840, Name: explorer.exe
2024-11-07 15:59:42,743 - WARNING - Suspicious I/O activity detected - PID: 15204, Name: chrome.exe
2024-11-07 15:59:42,858 - WARNING - Suspicious I/O activity detected - PID: 15592, Name: chrome.exe
2024-11-07 15:59:42,972 - WARNING - Suspicious I/O activity detected - PID: 15628, Name: Microsoft.SharePoint.exe
2024-11-07 15:59:43,143 - INFO - File deleted: C:\Users\src\ransomware_study\data\critical\subdir\file3.txt.encrypted - Threat Score: 45
2024-11-07 15:59:43,229 - WARNING - Suspicious I/O activity detected - PID: 15956, Name: chrome.exe
2024-11-07 15:59:43,373 - WARNING - High number of open files detected - PID: 15956, Name: chrome.exe
2024-11-07 15:59:43,373 - WARNING - Suspicious I/O activity detected - PID: 16160, Name: chrome.exe
2024-11-07 15:59:43,461 - WARNING - Suspicious I/O activity detected - PID: 16420, Name: chrome.exe
2024-11-07 15:59:44,094 - WARNING - Suspicious I/O activity detected - PID: 17452, Name: chrome.exe
2024-11-07 15:59:44,198 - WARNING - Suspicious I/O activity detected - PID: 17500, Name: msedgewebview2.exe
2024-11-07 15:59:44,358 - WARNING - High number of open files detected - PID: 17500, Name: msedgewebview2.exe
2024-11-07 15:59:44,358 - WARNING - Suspicious I/O activity detected - PID: 18132, Name: chrome.exe
2024-11-07 15:59:44,634 - WARNING - Suspicious I/O activity detected - PID: 18844, Name: chrome.exe
2024-11-07 15:59:44,729 - WARNING - Suspicious I/O activity detected - PID: 18944, Name: chrome.exe
2024-11-07 15:59:44,835 - WARNING - Suspicious I/O activity detected - PID: 18964, Name: chrome.exe
2024-11-07 15:59:45,027 - WARNING - Suspicious I/O activity detected - PID: 19208, Name: chrome.exe
2024-11-07 15:59:45,143 - WARNING - Suspicious I/O activity detected - PID: 19396, Name: Code.exe
2024-11-07 15:59:45,425 - WARNING - Suspicious I/O activity detected - PID: 20260, Name: Code.exe
2024-11-07 15:59:45,531 - WARNING - Suspicious I/O activity detected - PID: 20696, Name: chrome.exe
2024-11-07 15:59:45,649 - WARNING - Suspicious I/O activity detected - PID: 20952, Name: SearchApp.exe
2024-11-07 15:59:46,012 - WARNING - Suspicious I/O activity detected - PID: 21944, Name: chrome.exe
2024-11-07 15:59:46,321 - WARNING - Suspicious I/O activity detected - PID: 22456, Name: Code.exe
2024-11-07 15:59:46,437 - WARNING - Suspicious file extension detected: C:\Users\src\ransomware_study\data\critical\documents\doc1.txt.encrypted
2024-11-07 15:59:46,437 - WARNING - Suspicious file extension detected: C:\Users\src\ransomware_study\data\critical\documents\doc2.txt.encrypted
2024-11-07 15:59:47,468 - WARNING - Suspicious I/O activity detected - PID: 4, Name: System
2024-11-07 15:59:47,475 - WARNING - Suspicious I/O activity detected - PID: 124, Name: Registry
2024-11-07 15:59:47,523 - WARNING - Suspicious I/O activity detected - PID: 836, Name: services.exe
2024-11-07 15:59:47,532 - WARNING - Suspicious I/O activity detected - PID: 992, Name: svchost.exe
2024-11-07 15:59:47,533 - WARNING - Suspicious I/O activity detected - PID: 1028, Name: svchost.exe
2024-11-07 15:59:47,879 - WARNING - Suspicious I/O activity detected - PID: 1320, Name: chrome.exe
2024-11-07 15:59:48,077 - WARNING - Suspicious I/O activity detected - PID: 1452, Name: svchost.exe
2024-11-07 15:59:48,089 - WARNING - Suspicious I/O activity detected - PID: 1604, Name: svchost.exe
2024-11-07 15:59:48,089 - WARNING - Suspicious I/O activity detected - PID: 1688, Name: taskhostw.exe
2024-11-07 15:59:48,182 - WARNING - Suspicious I/O activity detected - PID: 1708, Name: msedgewebview2.exe
2024-11-07 15:59:48,271 - WARNING - Suspicious I/O activity detected - PID: 1716, Name: Microsoft.Management.Services.IntuneWindowsAgent.exe
2024-11-07 15:59:48,505 - WARNING - Suspicious I/O activity detected - PID: 2244, Name: chrome.exe
2024-11-07 15:59:48,740 - WARNING - Suspicious I/O activity detected - PID: 2388, Name: svchost.exe
2024-11-07 15:59:48,744 - WARNING - Suspicious I/O activity detected - PID: 2444, Name: chrome.exe
2024-11-07 15:59:49,244 - WARNING - High number of open files detected - PID: 2444, Name: chrome.exe
2024-11-07 15:59:49,357 - INFO - File deleted: C:\Users\src\ransomware_study\data\critical\documents\doc1.txt.encrypted - Threat Score: 45
2024-11-07 15:59:49,357 - INFO - File deleted: C:\Users\src\ransomware_study\data\critical\documents\doc2.txt.encrypted - Threat Score: 45
2024-11-07 15:59:49,378 - WARNING - Suspicious I/O activity detected - PID: 2832, Name: svchost.exe
2024-11-07 15:59:49,577 - WARNING - Suspicious I/O activity detected - PID: 4256, Name: svchost.exe
2024-11-07 15:59:49,708 - WARNING - Suspicious I/O activity detected - PID: 4316, Name: svchost.exe
2024-11-07 15:59:49,712 - WARNING - Suspicious I/O activity detected - PID: 4336, Name: svchost.exe
2024-11-07 15:59:49,728 - WARNING - Suspicious I/O activity detected - PID: 4376, Name: LMS.exe
2024-11-07 15:59:49,732 - WARNING - Suspicious I/O activity detected - PID: 4392, Name: svchost.exe
2024-11-07 15:59:49,740 - WARNING - Suspicious I/O activity detected - PID: 4428, Name: chrome.exe
2024-11-07 15:59:49,880 - WARNING - High number of open files detected - PID: 4428, Name: chrome.exe
2024-11-07 15:59:49,885 - WARNING - Suspicious I/O activity detected - PID: 4444, Name: MsMpEng.exe
2024-11-07 15:59:49,905 - WARNING - Suspicious I/O activity detected - PID: 4552, Name: svchost.exe
2024-11-07 15:59:49,909 - WARNING - Suspicious I/O activity detected - PID: 4636, Name: chrome.exe
2024-11-07 15:59:50,325 - WARNING - Suspicious I/O activity detected - PID: 5472, Name: SearchIndexer.exe
2024-11-07 15:59:50,329 - WARNING - Suspicious I/O activity detected - PID: 5608, Name: msedgewebview2.exe
2024-11-07 15:59:50,654 - WARNING - Suspicious I/O activity detected - PID: 6020, Name: dllhost.exe
2024-11-07 15:59:50,668 - WARNING - Suspicious I/O activity detected - PID: 6268, Name: chrome.exe
2024-11-07 15:59:50,983 - WARNING - Suspicious I/O activity detected - PID: 6916, Name: chrome.exe
2024-11-07 15:59:51,309 - WARNING - Suspicious I/O activity detected - PID: 7140, Name: svchost.exe
2024-11-07 15:59:51,714 - WARNING - Suspicious I/O activity detected - PID: 8064, Name: msedge.exe
2024-11-07 15:59:51,901 - WARNING - High number of open files detected - PID: 8064, Name: msedge.exe
2024-11-07 15:59:51,906 - WARNING - Suspicious I/O activity detected - PID: 8296, Name: chrome.exe
2024-11-07 15:59:52,007 - WARNING - Suspicious I/O activity detected - PID: 8516, Name: SearchApp.exe
2024-11-07 15:59:52,218 - WARNING - Suspicious I/O activity detected - PID: 8600, Name: chrome.exe
2024-11-07 15:59:52,404 - WARNING - Suspicious I/O activity detected - PID: 8668, Name: Code.exe
2024-11-07 15:59:52,522 - WARNING - Suspicious I/O activity detected - PID: 9140, Name: chrome.exe
2024-11-07 15:59:52,775 - WARNING - Suspicious I/O activity detected - PID: 9428, Name: msedge.exe
2024-11-07 15:59:52,878 - WARNING - Suspicious I/O activity detected - PID: 9560, Name: chrome.exe
2024-11-07 15:59:52,995 - WARNING - High number of open files detected - PID: 9560, Name: chrome.exe
2024-11-07 15:59:52,995 - WARNING - Suspicious I/O activity detected - PID: 9588, Name: dllhost.exe
2024-11-07 15:59:53,262 - WARNING - Suspicious I/O activity detected - PID: 10052, Name: OneDrive.exe
2024-11-07 15:59:53,418 - WARNING - High number of open files detected - PID: 10052, Name: OneDrive.exe
2024-11-07 15:59:53,418 - WARNING - Suspicious I/O activity detected - PID: 10212, Name: Code.exe
2024-11-07 15:59:53,574 - WARNING - High number of open files detected - PID: 10212, Name: Code.exe
2024-11-07 15:59:53,574 - WARNING - Suspicious I/O activity detected - PID: 10452, Name: chrome.exe
2024-11-07 15:59:53,879 - WARNING - Suspicious I/O activity detected - PID: 11072, Name: msedgewebview2.exe
2024-11-07 15:59:53,979 - WARNING - Suspicious I/O activity detected - PID: 11076, Name: chrome.exe
2024-11-07 15:59:54,087 - WARNING - Suspicious I/O activity detected - PID: 11648, Name: MoUsoCoreWorker.exe
2024-11-07 15:59:54,087 - WARNING - Suspicious I/O activity detected - PID: 11692, Name: chrome.exe
2024-11-07 15:59:54,259 - WARNING - Suspicious I/O activity detected - PID: 11956, Name: Code.exe
2024-11-07 15:59:54,366 - WARNING - High number of open files detected - PID: 11956, Name: Code.exe
2024-11-07 15:59:54,972 - WARNING - Suspicious I/O activity detected - PID: 12468, Name: Code.exe
2024-11-07 15:59:55,065 - WARNING - Suspicious I/O activity detected - PID: 12512, Name: chrome.exe
2024-11-07 15:59:55,174 - WARNING - Suspicious I/O activity detected - PID: 12704, Name: chrome.exe
2024-11-07 15:59:55,722 - WARNING - Suspicious I/O activity detected - PID: 13632, Name: msedgewebview2.exe
2024-11-07 15:59:56,064 - WARNING - Suspicious I/O activity detected - PID: 14280, Name: msedge.exe
2024-11-07 15:59:56,263 - WARNING - Suspicious I/O activity detected - PID: 14840, Name: explorer.exe
2024-11-07 15:59:56,560 - WARNING - High number of open files detected - PID: 14840, Name: explorer.exe
2024-11-07 15:59:56,636 - WARNING - Suspicious I/O activity detected - PID: 15204, Name: chrome.exe
2024-11-07 15:59:56,753 - WARNING - Suspicious I/O activity detected - PID: 15592, Name: chrome.exe
2024-11-07 15:59:56,989 - WARNING - Suspicious I/O activity detected - PID: 15628, Name: Microsoft.SharePoint.exe
2024-11-07 15:59:57,169 - WARNING - Suspicious I/O activity detected - PID: 15956, Name: chrome.exe
2024-11-07 15:59:57,294 - WARNING - High number of open files detected - PID: 15956, Name: chrome.exe
2024-11-07 15:59:57,294 - WARNING - Suspicious I/O activity detected - PID: 16160, Name: chrome.exe
2024-11-07 15:59:57,377 - WARNING - Suspicious I/O activity detected - PID: 16420, Name: chrome.exe
2024-11-07 15:59:58,007 - WARNING - Suspicious I/O activity detected - PID: 17452, Name: chrome.exe
2024-11-07 15:59:58,110 - WARNING - Suspicious I/O activity detected - PID: 17500, Name: msedgewebview2.exe
2024-11-07 15:59:58,271 - WARNING - High number of open files detected - PID: 17500, Name: msedgewebview2.exe
2024-11-07 15:59:58,271 - WARNING - Suspicious I/O activity detected - PID: 18132, Name: chrome.exe
2024-11-07 15:59:58,546 - WARNING - Suspicious I/O activity detected - PID: 18844, Name: chrome.exe
2024-11-07 15:59:58,639 - WARNING - Suspicious I/O activity detected - PID: 18944, Name: chrome.exe
2024-11-07 15:59:58,743 - WARNING - Suspicious I/O activity detected - PID: 18964, Name: chrome.exe
2024-11-07 15:59:58,927 - WARNING - Suspicious I/O activity detected - PID: 19208, Name: chrome.exe
2024-11-07 15:59:59,030 - WARNING - Suspicious I/O activity detected - PID: 19396, Name: Code.exe
2024-11-07 15:59:59,300 - WARNING - Suspicious I/O activity detected - PID: 20260, Name: Code.exe
2024-11-07 15:59:59,401 - WARNING - Suspicious I/O activity detected - PID: 20696, Name: chrome.exe
2024-11-07 15:59:59,508 - WARNING - Suspicious I/O activity detected - PID: 20952, Name: SearchApp.exe
2024-11-07 15:59:59,849 - WARNING - Suspicious I/O activity detected - PID: 21944, Name: chrome.exe
2024-11-07 16:00:00,179 - WARNING - Suspicious I/O activity detected - PID: 22456, Name: Code.exe
2024-11-07 16:00:01,326 - WARNING - Suspicious I/O activity detected - PID: 4, Name: System
2024-11-07 16:00:01,331 - WARNING - Suspicious I/O activity detected - PID: 124, Name: Registry
2024-11-07 16:00:01,368 - WARNING - Suspicious I/O activity detected - PID: 836, Name: services.exe
2024-11-07 16:00:01,376 - WARNING - Suspicious I/O activity detected - PID: 992, Name: svchost.exe
2024-11-07 16:00:01,377 - WARNING - Suspicious I/O activity detected - PID: 1028, Name: svchost.exe
2024-11-07 16:00:01,700 - WARNING - Suspicious I/O activity detected - PID: 1320, Name: chrome.exe
2024-11-07 16:00:01,891 - WARNING - Suspicious I/O activity detected - PID: 1452, Name: svchost.exe
2024-11-07 16:00:01,903 - WARNING - Suspicious I/O activity detected - PID: 1604, Name: svchost.exe
2024-11-07 16:00:01,903 - WARNING - Suspicious I/O activity detected - PID: 1688, Name: taskhostw.exe
2024-11-07 16:00:01,997 - WARNING - Suspicious I/O activity detected - PID: 1708, Name: msedgewebview2.exe
2024-11-07 16:00:02,081 - WARNING - Suspicious I/O activity detected - PID: 1716, Name: Microsoft.Management.Services.IntuneWindowsAgent.exe
2024-11-07 16:00:02,310 - WARNING - Suspicious I/O activity detected - PID: 2244, Name: chrome.exe
2024-11-07 16:00:02,538 - WARNING - Suspicious I/O activity detected - PID: 2388, Name: svchost.exe
2024-11-07 16:00:02,542 - WARNING - Suspicious I/O activity detected - PID: 2444, Name: chrome.exe
2024-11-07 16:00:03,025 - WARNING - High number of open files detected - PID: 2444, Name: chrome.exe
2024-11-07 16:00:03,132 - WARNING - Suspicious I/O activity detected - PID: 2832, Name: svchost.exe
2024-11-07 16:00:03,305 - WARNING - Suspicious I/O activity detected - PID: 4256, Name: svchost.exe
2024-11-07 16:00:03,429 - WARNING - Suspicious I/O activity detected - PID: 4316, Name: svchost.exe
2024-11-07 16:00:03,433 - WARNING - Suspicious I/O activity detected - PID: 4336, Name: svchost.exe
2024-11-07 16:00:03,447 - WARNING - Suspicious I/O activity detected - PID: 4376, Name: LMS.exe
2024-11-07 16:00:03,451 - WARNING - Suspicious I/O activity detected - PID: 4392, Name: svchost.exe
2024-11-07 16:00:03,458 - WARNING - Suspicious I/O activity detected - PID: 4428, Name: chrome.exe
2024-11-07 16:00:03,596 - WARNING - High number of open files detected - PID: 4428, Name: chrome.exe
2024-11-07 16:00:03,600 - WARNING - Suspicious I/O activity detected - PID: 4444, Name: MsMpEng.exe
2024-11-07 16:00:03,620 - WARNING - Suspicious I/O activity detected - PID: 4552, Name: svchost.exe
2024-11-07 16:00:03,624 - WARNING - Suspicious I/O activity detected - PID: 4636, Name: chrome.exe
2024-11-07 16:00:04,016 - WARNING - Suspicious I/O activity detected - PID: 5472, Name: SearchIndexer.exe
2024-11-07 16:00:04,020 - WARNING - Suspicious I/O activity detected - PID: 5608, Name: msedgewebview2.exe
2024-11-07 16:00:04,320 - WARNING - Suspicious I/O activity detected - PID: 6020, Name: dllhost.exe
2024-11-07 16:00:04,331 - WARNING - Suspicious I/O activity detected - PID: 6268, Name: chrome.exe
2024-11-07 16:00:04,624 - WARNING - Suspicious I/O activity detected - PID: 6916, Name: chrome.exe
2024-11-07 16:00:04,938 - WARNING - Suspicious I/O activity detected - PID: 7140, Name: svchost.exe
2024-11-07 16:00:05,347 - WARNING - Suspicious I/O activity detected - PID: 8064, Name: msedge.exe
2024-11-07 16:00:05,529 - WARNING - High number of open files detected - PID: 8064, Name: msedge.exe
2024-11-07 16:00:05,533 - WARNING - Suspicious I/O activity detected - PID: 8296, Name: chrome.exe
2024-11-07 16:00:05,634 - WARNING - Suspicious I/O activity detected - PID: 8516, Name: SearchApp.exe
2024-11-07 16:00:05,833 - WARNING - Suspicious I/O activity detected - PID: 8600, Name: chrome.exe
2024-11-07 16:00:06,012 - WARNING - Suspicious I/O activity detected - PID: 8668, Name: Code.exe
2024-11-07 16:00:06,122 - WARNING - Suspicious I/O activity detected - PID: 9140, Name: chrome.exe
2024-11-07 16:00:06,366 - WARNING - Suspicious I/O activity detected - PID: 9428, Name: msedge.exe
2024-11-07 16:00:06,468 - WARNING - Suspicious I/O activity detected - PID: 9560, Name: chrome.exe
2024-11-07 16:00:06,587 - WARNING - High number of open files detected - PID: 9560, Name: chrome.exe
2024-11-07 16:00:06,587 - WARNING - Suspicious I/O activity detected - PID: 9588, Name: dllhost.exe
2024-11-07 16:00:06,848 - WARNING - Suspicious I/O activity detected - PID: 10052, Name: OneDrive.exe
2024-11-07 16:00:07,002 - WARNING - High number of open files detected - PID: 10052, Name: OneDrive.exe
2024-11-07 16:00:07,002 - WARNING - Suspicious I/O activity detected - PID: 10212, Name: Code.exe
2024-11-07 16:00:07,155 - WARNING - High number of open files detected - PID: 10212, Name: Code.exe
2024-11-07 16:00:07,155 - WARNING - Suspicious I/O activity detected - PID: 10452, Name: chrome.exe
2024-11-07 16:00:07,458 - WARNING - Suspicious I/O activity detected - PID: 11072, Name: msedgewebview2.exe
2024-11-07 16:00:07,552 - WARNING - Suspicious I/O activity detected - PID: 11076, Name: chrome.exe
2024-11-07 16:00:07,663 - WARNING - Suspicious I/O activity detected - PID: 11648, Name: MoUsoCoreWorker.exe
2024-11-07 16:00:07,663 - WARNING - Suspicious I/O activity detected - PID: 11692, Name: chrome.exe
2024-11-07 16:00:07,836 - WARNING - Suspicious I/O activity detected - PID: 11956, Name: Code.exe
2024-11-07 16:00:07,941 - WARNING - High number of open files detected - PID: 11956, Name: Code.exe
2024-11-07 16:00:08,490 - WARNING - Suspicious I/O activity detected - PID: 12468, Name: Code.exe
2024-11-07 16:00:08,576 - WARNING - Suspicious I/O activity detected - PID: 12512, Name: chrome.exe
2024-11-07 16:00:08,683 - WARNING - Suspicious I/O activity detected - PID: 12704, Name: chrome.exe
2024-11-07 16:00:09,206 - WARNING - Suspicious I/O activity detected - PID: 13632, Name: msedgewebview2.exe
2024-11-07 16:00:09,577 - WARNING - Suspicious I/O activity detected - PID: 14280, Name: msedge.exe
2024-11-07 16:00:09,773 - WARNING - Suspicious I/O activity detected - PID: 14840, Name: explorer.exe
2024-11-07 16:00:10,073 - WARNING - High number of open files detected - PID: 14840, Name: explorer.exe
2024-11-07 16:00:10,149 - WARNING - Suspicious I/O activity detected - PID: 15204, Name: chrome.exe
2024-11-07 16:00:10,274 - WARNING - Suspicious I/O activity detected - PID: 15592, Name: chrome.exe
2024-11-07 16:00:10,388 - WARNING - Suspicious I/O activity detected - PID: 15628, Name: Microsoft.SharePoint.exe
2024-11-07 16:00:10,573 - WARNING - Suspicious I/O activity detected - PID: 15956, Name: chrome.exe
2024-11-07 16:00:10,702 - WARNING - High number of open files detected - PID: 15956, Name: chrome.exe
2024-11-07 16:00:10,702 - WARNING - Suspicious I/O activity detected - PID: 16160, Name: chrome.exe
2024-11-07 16:00:10,789 - WARNING - Suspicious I/O activity detected - PID: 16420, Name: chrome.exe
2024-11-07 16:00:11,396 - WARNING - Suspicious I/O activity detected - PID: 17452, Name: chrome.exe
2024-11-07 16:00:11,503 - WARNING - Suspicious I/O activity detected - PID: 17500, Name: msedgewebview2.exe
2024-11-07 16:00:11,662 - WARNING - High number of open files detected - PID: 17500, Name: msedgewebview2.exe
2024-11-07 16:00:11,662 - WARNING - Suspicious I/O activity detected - PID: 18132, Name: chrome.exe
2024-11-07 16:00:11,928 - WARNING - Suspicious I/O activity detected - PID: 18844, Name: chrome.exe
2024-11-07 16:00:12,020 - WARNING - Suspicious I/O activity detected - PID: 18944, Name: chrome.exe
2024-11-07 16:00:12,128 - WARNING - Suspicious I/O activity detected - PID: 18964, Name: chrome.exe
2024-11-07 16:00:12,316 - WARNING - Suspicious I/O activity detected - PID: 19208, Name: chrome.exe
2024-11-07 16:00:12,429 - WARNING - Suspicious I/O activity detected - PID: 19396, Name: Code.exe
2024-11-07 16:00:12,697 - WARNING - Suspicious I/O activity detected - PID: 20260, Name: Code.exe
2024-11-07 16:00:12,796 - WARNING - Suspicious I/O activity detected - PID: 20696, Name: chrome.exe
2024-11-07 16:00:12,902 - WARNING - Suspicious I/O activity detected - PID: 20952, Name: SearchApp.exe
2024-11-07 16:00:13,250 - WARNING - Suspicious I/O activity detected - PID: 21944, Name: chrome.exe
2024-11-07 16:00:13,469 - WARNING - Suspicious I/O activity detected - PID: 22456, Name: Code.exe
